mode: atomic
github.com/natnael-alemayehu/proglog/api/v1/error.go:14.58,25.16 5 0
github.com/natnael-alemayehu/proglog/api/v1/error.go:25.16,27.3 1 0
github.com/natnael-alemayehu/proglog/api/v1/error.go:28.2,28.12 1 0
github.com/natnael-alemayehu/proglog/api/v1/error.go:31.45,33.2 1 0
github.com/natnael-alemayehu/proglog/api/v1/log.pb.go:30.34,35.2 4 0
github.com/natnael-alemayehu/proglog/api/v1/log.pb.go:37.42,39.2 1 0
github.com/natnael-alemayehu/proglog/api/v1/log.pb.go:41.40,41.41 0 0
github.com/natnael-alemayehu/proglog/api/v1/log.pb.go:43.62,45.14 2 0
github.com/natnael-alemayehu/proglog/api/v1/log.pb.go:45.14,47.34 2 0
github.com/natnael-alemayehu/proglog/api/v1/log.pb.go:47.34,49.4 1 0
github.com/natnael-alemayehu/proglog/api/v1/log.pb.go:50.3,50.12 1 0
github.com/natnael-alemayehu/proglog/api/v1/log.pb.go:52.2,52.24 1 0
github.com/natnael-alemayehu/proglog/api/v1/log.pb.go:56.53,58.2 1 0
github.com/natnael-alemayehu/proglog/api/v1/log.pb.go:60.46,61.14 1 0
github.com/natnael-alemayehu/proglog/api/v1/log.pb.go:61.14,63.3 1 0
github.com/natnael-alemayehu/proglog/api/v1/log.pb.go:64.2,64.12 1 0
github.com/natnael-alemayehu/proglog/api/v1/log.pb.go:74.35,79.2 4 0
github.com/natnael-alemayehu/proglog/api/v1/log.pb.go:81.43,83.2 1 0
github.com/natnael-alemayehu/proglog/api/v1/log.pb.go:85.41,85.42 0 0
github.com/natnael-alemayehu/proglog/api/v1/log.pb.go:87.63,89.14 2 0
github.com/natnael-alemayehu/proglog/api/v1/log.pb.go:89.14,91.34 2 0
github.com/natnael-alemayehu/proglog/api/v1/log.pb.go:91.34,93.4 1 0
github.com/natnael-alemayehu/proglog/api/v1/log.pb.go:94.3,94.12 1 0
github.com/natnael-alemayehu/proglog/api/v1/log.pb.go:96.2,96.24 1 0
github.com/natnael-alemayehu/proglog/api/v1/log.pb.go:100.54,102.2 1 0
github.com/natnael-alemayehu/proglog/api/v1/log.pb.go:104.46,105.14 1 0
github.com/natnael-alemayehu/proglog/api/v1/log.pb.go:105.14,107.3 1 0
github.com/natnael-alemayehu/proglog/api/v1/log.pb.go:108.2,108.10 1 0
github.com/natnael-alemayehu/proglog/api/v1/log.pb.go:118.34,123.2 4 0
github.com/natnael-alemayehu/proglog/api/v1/log.pb.go:125.42,127.2 1 0
github.com/natnael-alemayehu/proglog/api/v1/log.pb.go:129.40,129.41 0 0
github.com/natnael-alemayehu/proglog/api/v1/log.pb.go:131.62,133.14 2 0
github.com/natnael-alemayehu/proglog/api/v1/log.pb.go:133.14,135.34 2 0
github.com/natnael-alemayehu/proglog/api/v1/log.pb.go:135.34,137.4 1 0
github.com/natnael-alemayehu/proglog/api/v1/log.pb.go:138.3,138.12 1 0
github.com/natnael-alemayehu/proglog/api/v1/log.pb.go:140.2,140.24 1 0
github.com/natnael-alemayehu/proglog/api/v1/log.pb.go:144.53,146.2 1 0
github.com/natnael-alemayehu/proglog/api/v1/log.pb.go:148.45,149.14 1 0
github.com/natnael-alemayehu/proglog/api/v1/log.pb.go:149.14,151.3 1 0
github.com/natnael-alemayehu/proglog/api/v1/log.pb.go:152.2,152.10 1 0
github.com/natnael-alemayehu/proglog/api/v1/log.pb.go:162.35,167.2 4 0
github.com/natnael-alemayehu/proglog/api/v1/log.pb.go:169.43,171.2 1 0
github.com/natnael-alemayehu/proglog/api/v1/log.pb.go:173.41,173.42 0 0
github.com/natnael-alemayehu/proglog/api/v1/log.pb.go:175.63,177.14 2 0
github.com/natnael-alemayehu/proglog/api/v1/log.pb.go:177.14,179.34 2 0
github.com/natnael-alemayehu/proglog/api/v1/log.pb.go:179.34,181.4 1 0
github.com/natnael-alemayehu/proglog/api/v1/log.pb.go:182.3,182.12 1 0
github.com/natnael-alemayehu/proglog/api/v1/log.pb.go:184.2,184.24 1 0
github.com/natnael-alemayehu/proglog/api/v1/log.pb.go:188.54,190.2 1 0
github.com/natnael-alemayehu/proglog/api/v1/log.pb.go:192.47,193.14 1 0
github.com/natnael-alemayehu/proglog/api/v1/log.pb.go:193.14,195.3 1 0
github.com/natnael-alemayehu/proglog/api/v1/log.pb.go:196.2,196.12 1 0
github.com/natnael-alemayehu/proglog/api/v1/log.pb.go:207.26,212.2 4 0
github.com/natnael-alemayehu/proglog/api/v1/log.pb.go:214.34,216.2 1 0
github.com/natnael-alemayehu/proglog/api/v1/log.pb.go:218.32,218.33 0 0
github.com/natnael-alemayehu/proglog/api/v1/log.pb.go:220.54,222.14 2 0
github.com/natnael-alemayehu/proglog/api/v1/log.pb.go:222.14,224.34 2 0
github.com/natnael-alemayehu/proglog/api/v1/log.pb.go:224.34,226.4 1 0
github.com/natnael-alemayehu/proglog/api/v1/log.pb.go:227.3,227.12 1 0
github.com/natnael-alemayehu/proglog/api/v1/log.pb.go:229.2,229.24 1 0
github.com/natnael-alemayehu/proglog/api/v1/log.pb.go:233.45,235.2 1 0
github.com/natnael-alemayehu/proglog/api/v1/log.pb.go:237.36,238.14 1 0
github.com/natnael-alemayehu/proglog/api/v1/log.pb.go:238.14,240.3 1 0
github.com/natnael-alemayehu/proglog/api/v1/log.pb.go:241.2,241.12 1 0
github.com/natnael-alemayehu/proglog/api/v1/log.pb.go:244.37,245.14 1 0
github.com/natnael-alemayehu/proglog/api/v1/log.pb.go:245.14,247.3 1 0
github.com/natnael-alemayehu/proglog/api/v1/log.pb.go:248.2,248.10 1 0
github.com/natnael-alemayehu/proglog/api/v1/log.pb.go:300.49,301.46 1 0
github.com/natnael-alemayehu/proglog/api/v1/log.pb.go:301.46,303.3 1 0
github.com/natnael-alemayehu/proglog/api/v1/log.pb.go:304.2,304.42 1 0
github.com/natnael-alemayehu/proglog/api/v1/log.pb.go:333.13,333.45 1 0
github.com/natnael-alemayehu/proglog/api/v1/log.pb.go:334.35,335.34 1 0
github.com/natnael-alemayehu/proglog/api/v1/log.pb.go:335.34,337.3 1 0
github.com/natnael-alemayehu/proglog/api/v1/log.pb.go:338.2,355.37 6 0
github.com/natnael-alemayehu/proglog/api/v1/log_grpc.pb.go:42.58,44.2 1 0
github.com/natnael-alemayehu/proglog/api/v1/log_grpc.pb.go:46.121,50.16 4 0
github.com/natnael-alemayehu/proglog/api/v1/log_grpc.pb.go:50.16,52.3 1 0
github.com/natnael-alemayehu/proglog/api/v1/log_grpc.pb.go:53.2,53.17 1 0
github.com/natnael-alemayehu/proglog/api/v1/log_grpc.pb.go:56.121,60.16 4 0
github.com/natnael-alemayehu/proglog/api/v1/log_grpc.pb.go:60.16,62.3 1 0
github.com/natnael-alemayehu/proglog/api/v1/log_grpc.pb.go:63.2,63.17 1 0
github.com/natnael-alemayehu/proglog/api/v1/log_grpc.pb.go:66.154,69.16 3 0
github.com/natnael-alemayehu/proglog/api/v1/log_grpc.pb.go:69.16,71.3 1 0
github.com/natnael-alemayehu/proglog/api/v1/log_grpc.pb.go:72.2,73.51 2 0
github.com/natnael-alemayehu/proglog/api/v1/log_grpc.pb.go:73.51,75.3 1 0
github.com/natnael-alemayehu/proglog/api/v1/log_grpc.pb.go:76.2,76.51 1 0
github.com/natnael-alemayehu/proglog/api/v1/log_grpc.pb.go:76.51,78.3 1 0
github.com/natnael-alemayehu/proglog/api/v1/log_grpc.pb.go:79.2,79.15 1 0
github.com/natnael-alemayehu/proglog/api/v1/log_grpc.pb.go:85.148,88.16 3 0
github.com/natnael-alemayehu/proglog/api/v1/log_grpc.pb.go:88.16,90.3 1 0
github.com/natnael-alemayehu/proglog/api/v1/log_grpc.pb.go:91.2,92.15 2 0
github.com/natnael-alemayehu/proglog/api/v1/log_grpc.pb.go:116.99,118.2 1 0
github.com/natnael-alemayehu/proglog/api/v1/log_grpc.pb.go:119.99,121.2 1 0
github.com/natnael-alemayehu/proglog/api/v1/log_grpc.pb.go:122.113,124.2 1 0
github.com/natnael-alemayehu/proglog/api/v1/log_grpc.pb.go:125.110,127.2 1 0
github.com/natnael-alemayehu/proglog/api/v1/log_grpc.pb.go:128.66,128.67 0 0
github.com/natnael-alemayehu/proglog/api/v1/log_grpc.pb.go:129.66,129.67 0 0
github.com/natnael-alemayehu/proglog/api/v1/log_grpc.pb.go:138.64,143.59 1 0
github.com/natnael-alemayehu/proglog/api/v1/log_grpc.pb.go:143.59,145.3 1 0
github.com/natnael-alemayehu/proglog/api/v1/log_grpc.pb.go:146.2,146.42 1 0
github.com/natnael-alemayehu/proglog/api/v1/log_grpc.pb.go:149.156,151.32 2 0
github.com/natnael-alemayehu/proglog/api/v1/log_grpc.pb.go:151.32,153.3 1 0
github.com/natnael-alemayehu/proglog/api/v1/log_grpc.pb.go:154.2,154.24 1 0
github.com/natnael-alemayehu/proglog/api/v1/log_grpc.pb.go:154.24,156.3 1 0
github.com/natnael-alemayehu/proglog/api/v1/log_grpc.pb.go:157.2,161.77 2 0
github.com/natnael-alemayehu/proglog/api/v1/log_grpc.pb.go:161.77,163.3 1 0
github.com/natnael-alemayehu/proglog/api/v1/log_grpc.pb.go:164.2,164.44 1 0
github.com/natnael-alemayehu/proglog/api/v1/log_grpc.pb.go:167.156,169.32 2 0
github.com/natnael-alemayehu/proglog/api/v1/log_grpc.pb.go:169.32,171.3 1 0
github.com/natnael-alemayehu/proglog/api/v1/log_grpc.pb.go:172.2,172.24 1 0
github.com/natnael-alemayehu/proglog/api/v1/log_grpc.pb.go:172.24,174.3 1 0
github.com/natnael-alemayehu/proglog/api/v1/log_grpc.pb.go:175.2,179.77 2 0
github.com/natnael-alemayehu/proglog/api/v1/log_grpc.pb.go:179.77,181.3 1 0
github.com/natnael-alemayehu/proglog/api/v1/log_grpc.pb.go:182.2,182.44 1 0
github.com/natnael-alemayehu/proglog/api/v1/log_grpc.pb.go:185.82,187.42 2 0
github.com/natnael-alemayehu/proglog/api/v1/log_grpc.pb.go:187.42,189.3 1 0
github.com/natnael-alemayehu/proglog/api/v1/log_grpc.pb.go:190.2,190.123 1 0
github.com/natnael-alemayehu/proglog/api/v1/log_grpc.pb.go:196.82,198.2 1 0
github.com/natnael-alemayehu/proglog/cmd/server/main.go:9.13,12.2 2 0
github.com/natnael-alemayehu/proglog/api/v1/error.go:14.58,25.16 5 0
github.com/natnael-alemayehu/proglog/api/v1/error.go:25.16,27.3 1 0
github.com/natnael-alemayehu/proglog/api/v1/error.go:28.2,28.12 1 0
github.com/natnael-alemayehu/proglog/api/v1/error.go:31.45,33.2 1 0
github.com/natnael-alemayehu/proglog/api/v1/log.pb.go:30.34,35.2 4 0
github.com/natnael-alemayehu/proglog/api/v1/log.pb.go:37.42,39.2 1 0
github.com/natnael-alemayehu/proglog/api/v1/log.pb.go:41.40,41.41 0 0
github.com/natnael-alemayehu/proglog/api/v1/log.pb.go:43.62,45.14 2 0
github.com/natnael-alemayehu/proglog/api/v1/log.pb.go:45.14,47.34 2 0
github.com/natnael-alemayehu/proglog/api/v1/log.pb.go:47.34,49.4 1 0
github.com/natnael-alemayehu/proglog/api/v1/log.pb.go:50.3,50.12 1 0
github.com/natnael-alemayehu/proglog/api/v1/log.pb.go:52.2,52.24 1 0
github.com/natnael-alemayehu/proglog/api/v1/log.pb.go:56.53,58.2 1 0
github.com/natnael-alemayehu/proglog/api/v1/log.pb.go:60.46,61.14 1 0
github.com/natnael-alemayehu/proglog/api/v1/log.pb.go:61.14,63.3 1 0
github.com/natnael-alemayehu/proglog/api/v1/log.pb.go:64.2,64.12 1 0
github.com/natnael-alemayehu/proglog/api/v1/log.pb.go:74.35,79.2 4 0
github.com/natnael-alemayehu/proglog/api/v1/log.pb.go:81.43,83.2 1 0
github.com/natnael-alemayehu/proglog/api/v1/log.pb.go:85.41,85.42 0 0
github.com/natnael-alemayehu/proglog/api/v1/log.pb.go:87.63,89.14 2 0
github.com/natnael-alemayehu/proglog/api/v1/log.pb.go:89.14,91.34 2 0
github.com/natnael-alemayehu/proglog/api/v1/log.pb.go:91.34,93.4 1 0
github.com/natnael-alemayehu/proglog/api/v1/log.pb.go:94.3,94.12 1 0
github.com/natnael-alemayehu/proglog/api/v1/log.pb.go:96.2,96.24 1 0
github.com/natnael-alemayehu/proglog/api/v1/log.pb.go:100.54,102.2 1 0
github.com/natnael-alemayehu/proglog/api/v1/log.pb.go:104.46,105.14 1 0
github.com/natnael-alemayehu/proglog/api/v1/log.pb.go:105.14,107.3 1 0
github.com/natnael-alemayehu/proglog/api/v1/log.pb.go:108.2,108.10 1 0
github.com/natnael-alemayehu/proglog/api/v1/log.pb.go:118.34,123.2 4 0
github.com/natnael-alemayehu/proglog/api/v1/log.pb.go:125.42,127.2 1 0
github.com/natnael-alemayehu/proglog/api/v1/log.pb.go:129.40,129.41 0 0
github.com/natnael-alemayehu/proglog/api/v1/log.pb.go:131.62,133.14 2 0
github.com/natnael-alemayehu/proglog/api/v1/log.pb.go:133.14,135.34 2 0
github.com/natnael-alemayehu/proglog/api/v1/log.pb.go:135.34,137.4 1 0
github.com/natnael-alemayehu/proglog/api/v1/log.pb.go:138.3,138.12 1 0
github.com/natnael-alemayehu/proglog/api/v1/log.pb.go:140.2,140.24 1 0
github.com/natnael-alemayehu/proglog/api/v1/log.pb.go:144.53,146.2 1 0
github.com/natnael-alemayehu/proglog/api/v1/log.pb.go:148.45,149.14 1 0
github.com/natnael-alemayehu/proglog/api/v1/log.pb.go:149.14,151.3 1 0
github.com/natnael-alemayehu/proglog/api/v1/log.pb.go:152.2,152.10 1 0
github.com/natnael-alemayehu/proglog/api/v1/log.pb.go:162.35,167.2 4 0
github.com/natnael-alemayehu/proglog/api/v1/log.pb.go:169.43,171.2 1 0
github.com/natnael-alemayehu/proglog/api/v1/log.pb.go:173.41,173.42 0 0
github.com/natnael-alemayehu/proglog/api/v1/log.pb.go:175.63,177.14 2 0
github.com/natnael-alemayehu/proglog/api/v1/log.pb.go:177.14,179.34 2 0
github.com/natnael-alemayehu/proglog/api/v1/log.pb.go:179.34,181.4 1 0
github.com/natnael-alemayehu/proglog/api/v1/log.pb.go:182.3,182.12 1 0
github.com/natnael-alemayehu/proglog/api/v1/log.pb.go:184.2,184.24 1 0
github.com/natnael-alemayehu/proglog/api/v1/log.pb.go:188.54,190.2 1 0
github.com/natnael-alemayehu/proglog/api/v1/log.pb.go:192.47,193.14 1 0
github.com/natnael-alemayehu/proglog/api/v1/log.pb.go:193.14,195.3 1 0
github.com/natnael-alemayehu/proglog/api/v1/log.pb.go:196.2,196.12 1 0
github.com/natnael-alemayehu/proglog/api/v1/log.pb.go:207.26,212.2 4 5
github.com/natnael-alemayehu/proglog/api/v1/log.pb.go:214.34,216.2 1 0
github.com/natnael-alemayehu/proglog/api/v1/log.pb.go:218.32,218.33 0 0
github.com/natnael-alemayehu/proglog/api/v1/log.pb.go:220.54,222.14 2 17
github.com/natnael-alemayehu/proglog/api/v1/log.pb.go:222.14,224.34 2 17
github.com/natnael-alemayehu/proglog/api/v1/log.pb.go:224.34,226.4 1 10
github.com/natnael-alemayehu/proglog/api/v1/log.pb.go:227.3,227.12 1 17
github.com/natnael-alemayehu/proglog/api/v1/log.pb.go:229.2,229.24 1 0
github.com/natnael-alemayehu/proglog/api/v1/log.pb.go:233.45,235.2 1 0
github.com/natnael-alemayehu/proglog/api/v1/log.pb.go:237.36,238.14 1 0
github.com/natnael-alemayehu/proglog/api/v1/log.pb.go:238.14,240.3 1 0
github.com/natnael-alemayehu/proglog/api/v1/log.pb.go:241.2,241.12 1 0
github.com/natnael-alemayehu/proglog/api/v1/log.pb.go:244.37,245.14 1 0
github.com/natnael-alemayehu/proglog/api/v1/log.pb.go:245.14,247.3 1 0
github.com/natnael-alemayehu/proglog/api/v1/log.pb.go:248.2,248.10 1 0
github.com/natnael-alemayehu/proglog/api/v1/log.pb.go:300.49,301.46 1 0
github.com/natnael-alemayehu/proglog/api/v1/log.pb.go:301.46,303.3 1 0
github.com/natnael-alemayehu/proglog/api/v1/log.pb.go:304.2,304.42 1 0
github.com/natnael-alemayehu/proglog/api/v1/log.pb.go:333.13,333.45 1 1
github.com/natnael-alemayehu/proglog/api/v1/log.pb.go:334.35,335.34 1 1
github.com/natnael-alemayehu/proglog/api/v1/log.pb.go:335.34,337.3 1 0
github.com/natnael-alemayehu/proglog/api/v1/log.pb.go:338.2,355.37 6 1
github.com/natnael-alemayehu/proglog/api/v1/log_grpc.pb.go:42.58,44.2 1 0
github.com/natnael-alemayehu/proglog/api/v1/log_grpc.pb.go:46.121,50.16 4 0
github.com/natnael-alemayehu/proglog/api/v1/log_grpc.pb.go:50.16,52.3 1 0
github.com/natnael-alemayehu/proglog/api/v1/log_grpc.pb.go:53.2,53.17 1 0
github.com/natnael-alemayehu/proglog/api/v1/log_grpc.pb.go:56.121,60.16 4 0
github.com/natnael-alemayehu/proglog/api/v1/log_grpc.pb.go:60.16,62.3 1 0
github.com/natnael-alemayehu/proglog/api/v1/log_grpc.pb.go:63.2,63.17 1 0
github.com/natnael-alemayehu/proglog/api/v1/log_grpc.pb.go:66.154,69.16 3 0
github.com/natnael-alemayehu/proglog/api/v1/log_grpc.pb.go:69.16,71.3 1 0
github.com/natnael-alemayehu/proglog/api/v1/log_grpc.pb.go:72.2,73.51 2 0
github.com/natnael-alemayehu/proglog/api/v1/log_grpc.pb.go:73.51,75.3 1 0
github.com/natnael-alemayehu/proglog/api/v1/log_grpc.pb.go:76.2,76.51 1 0
github.com/natnael-alemayehu/proglog/api/v1/log_grpc.pb.go:76.51,78.3 1 0
github.com/natnael-alemayehu/proglog/api/v1/log_grpc.pb.go:79.2,79.15 1 0
github.com/natnael-alemayehu/proglog/api/v1/log_grpc.pb.go:85.148,88.16 3 0
github.com/natnael-alemayehu/proglog/api/v1/log_grpc.pb.go:88.16,90.3 1 0
github.com/natnael-alemayehu/proglog/api/v1/log_grpc.pb.go:91.2,92.15 2 0
github.com/natnael-alemayehu/proglog/api/v1/log_grpc.pb.go:116.99,118.2 1 0
github.com/natnael-alemayehu/proglog/api/v1/log_grpc.pb.go:119.99,121.2 1 0
github.com/natnael-alemayehu/proglog/api/v1/log_grpc.pb.go:122.113,124.2 1 0
github.com/natnael-alemayehu/proglog/api/v1/log_grpc.pb.go:125.110,127.2 1 0
github.com/natnael-alemayehu/proglog/api/v1/log_grpc.pb.go:128.66,128.67 0 0
github.com/natnael-alemayehu/proglog/api/v1/log_grpc.pb.go:129.66,129.67 0 0
github.com/natnael-alemayehu/proglog/api/v1/log_grpc.pb.go:138.64,143.59 1 0
github.com/natnael-alemayehu/proglog/api/v1/log_grpc.pb.go:143.59,145.3 1 0
github.com/natnael-alemayehu/proglog/api/v1/log_grpc.pb.go:146.2,146.42 1 0
github.com/natnael-alemayehu/proglog/api/v1/log_grpc.pb.go:149.156,151.32 2 0
github.com/natnael-alemayehu/proglog/api/v1/log_grpc.pb.go:151.32,153.3 1 0
github.com/natnael-alemayehu/proglog/api/v1/log_grpc.pb.go:154.2,154.24 1 0
github.com/natnael-alemayehu/proglog/api/v1/log_grpc.pb.go:154.24,156.3 1 0
github.com/natnael-alemayehu/proglog/api/v1/log_grpc.pb.go:157.2,161.77 2 0
github.com/natnael-alemayehu/proglog/api/v1/log_grpc.pb.go:161.77,163.3 1 0
github.com/natnael-alemayehu/proglog/api/v1/log_grpc.pb.go:164.2,164.44 1 0
github.com/natnael-alemayehu/proglog/api/v1/log_grpc.pb.go:167.156,169.32 2 0
github.com/natnael-alemayehu/proglog/api/v1/log_grpc.pb.go:169.32,171.3 1 0
github.com/natnael-alemayehu/proglog/api/v1/log_grpc.pb.go:172.2,172.24 1 0
github.com/natnael-alemayehu/proglog/api/v1/log_grpc.pb.go:172.24,174.3 1 0
github.com/natnael-alemayehu/proglog/api/v1/log_grpc.pb.go:175.2,179.77 2 0
github.com/natnael-alemayehu/proglog/api/v1/log_grpc.pb.go:179.77,181.3 1 0
github.com/natnael-alemayehu/proglog/api/v1/log_grpc.pb.go:182.2,182.44 1 0
github.com/natnael-alemayehu/proglog/api/v1/log_grpc.pb.go:185.82,187.42 2 0
github.com/natnael-alemayehu/proglog/api/v1/log_grpc.pb.go:187.42,189.3 1 0
github.com/natnael-alemayehu/proglog/api/v1/log_grpc.pb.go:190.2,190.123 1 0
github.com/natnael-alemayehu/proglog/api/v1/log_grpc.pb.go:196.82,198.2 1 0
github.com/natnael-alemayehu/proglog/internal/log/index.go:22.53,27.16 3 14
github.com/natnael-alemayehu/proglog/internal/log/index.go:27.16,29.3 1 0
github.com/natnael-alemayehu/proglog/internal/log/index.go:30.2,31.76 2 14
github.com/natnael-alemayehu/proglog/internal/log/index.go:31.76,33.3 1 0
github.com/natnael-alemayehu/proglog/internal/log/index.go:34.2,34.114 1 14
github.com/natnael-alemayehu/proglog/internal/log/index.go:34.114,36.3 1 0
github.com/natnael-alemayehu/proglog/internal/log/index.go:37.2,37.17 1 14
github.com/natnael-alemayehu/proglog/internal/log/index.go:40.31,41.52 1 5
github.com/natnael-alemayehu/proglog/internal/log/index.go:41.52,43.3 1 0
github.com/natnael-alemayehu/proglog/internal/log/index.go:44.2,44.38 1 5
github.com/natnael-alemayehu/proglog/internal/log/index.go:44.38,46.3 1 0
github.com/natnael-alemayehu/proglog/internal/log/index.go:47.2,47.55 1 5
github.com/natnael-alemayehu/proglog/internal/log/index.go:47.55,49.3 1 0
github.com/natnael-alemayehu/proglog/internal/log/index.go:50.2,50.23 1 5
github.com/natnael-alemayehu/proglog/internal/log/index.go:53.68,54.17 1 21
github.com/natnael-alemayehu/proglog/internal/log/index.go:54.17,56.3 1 10
github.com/natnael-alemayehu/proglog/internal/log/index.go:57.2,57.14 1 11
github.com/natnael-alemayehu/proglog/internal/log/index.go:57.14,59.3 1 4
github.com/natnael-alemayehu/proglog/internal/log/index.go:59.8,61.3 1 7
github.com/natnael-alemayehu/proglog/internal/log/index.go:62.2,63.27 2 11
github.com/natnael-alemayehu/proglog/internal/log/index.go:63.27,65.3 1 1
github.com/natnael-alemayehu/proglog/internal/log/index.go:66.2,69.22 3 10
github.com/natnael-alemayehu/proglog/internal/log/index.go:72.53,73.43 1 14
github.com/natnael-alemayehu/proglog/internal/log/index.go:73.43,75.3 1 1
github.com/natnael-alemayehu/proglog/internal/log/index.go:76.2,79.12 4 13
github.com/natnael-alemayehu/proglog/internal/log/index.go:82.31,84.2 1 3
github.com/natnael-alemayehu/proglog/internal/log/log.go:23.49,24.33 1 6
github.com/natnael-alemayehu/proglog/internal/log/log.go:24.33,26.3 1 0
github.com/natnael-alemayehu/proglog/internal/log/log.go:27.2,27.33 1 6
github.com/natnael-alemayehu/proglog/internal/log/log.go:27.33,29.3 1 5
github.com/natnael-alemayehu/proglog/internal/log/log.go:30.2,34.21 2 6
github.com/natnael-alemayehu/proglog/internal/log/log.go:37.29,39.16 2 6
github.com/natnael-alemayehu/proglog/internal/log/log.go:39.16,41.3 1 0
github.com/natnael-alemayehu/proglog/internal/log/log.go:42.2,43.29 2 6
github.com/natnael-alemayehu/proglog/internal/log/log.go:43.29,47.3 3 4
github.com/natnael-alemayehu/proglog/internal/log/log.go:48.2,48.46 1 6
github.com/natnael-alemayehu/proglog/internal/log/log.go:48.46,50.3 1 3
github.com/natnael-alemayehu/proglog/internal/log/log.go:51.2,51.40 1 6
github.com/natnael-alemayehu/proglog/internal/log/log.go:51.40,52.53 1 2
github.com/natnael-alemayehu/proglog/internal/log/log.go:52.53,54.4 1 0
github.com/natnael-alemayehu/proglog/internal/log/log.go:56.3,56.6 1 2
github.com/natnael-alemayehu/proglog/internal/log/log.go:58.2,58.23 1 6
github.com/natnael-alemayehu/proglog/internal/log/log.go:58.23,61.17 1 5
github.com/natnael-alemayehu/proglog/internal/log/log.go:61.17,63.4 1 0
github.com/natnael-alemayehu/proglog/internal/log/log.go:65.2,65.12 1 6
github.com/natnael-alemayehu/proglog/internal/log/log.go:68.58,72.16 4 8
github.com/natnael-alemayehu/proglog/internal/log/log.go:72.16,74.3 1 0
github.com/natnael-alemayehu/proglog/internal/log/log.go:75.2,75.31 1 8
github.com/natnael-alemayehu/proglog/internal/log/log.go:75.31,77.3 1 2
github.com/natnael-alemayehu/proglog/internal/log/log.go:78.2,78.17 1 8
github.com/natnael-alemayehu/proglog/internal/log/log.go:81.53,85.37 4 3
github.com/natnael-alemayehu/proglog/internal/log/log.go:85.37,86.59 1 3
github.com/natnael-alemayehu/proglog/internal/log/log.go:86.59,88.9 2 1
github.com/natnael-alemayehu/proglog/internal/log/log.go:91.2,91.37 1 3
github.com/natnael-alemayehu/proglog/internal/log/log.go:91.37,93.3 1 2
github.com/natnael-alemayehu/proglog/internal/log/log.go:94.2,94.20 1 1
github.com/natnael-alemayehu/proglog/internal/log/log.go:97.29,100.37 3 1
github.com/natnael-alemayehu/proglog/internal/log/log.go:100.37,101.41 1 2
github.com/natnael-alemayehu/proglog/internal/log/log.go:101.41,103.4 1 0
github.com/natnael-alemayehu/proglog/internal/log/log.go:105.2,105.12 1 1
github.com/natnael-alemayehu/proglog/internal/log/log.go:108.30,109.34 1 0
github.com/natnael-alemayehu/proglog/internal/log/log.go:109.34,111.3 1 0
github.com/natnael-alemayehu/proglog/internal/log/log.go:112.2,112.28 1 0
github.com/natnael-alemayehu/proglog/internal/log/log.go:115.29,116.35 1 0
github.com/natnael-alemayehu/proglog/internal/log/log.go:116.35,118.3 1 0
github.com/natnael-alemayehu/proglog/internal/log/log.go:119.2,119.18 1 0
github.com/natnael-alemayehu/proglog/internal/log/log.go:122.46,127.2 3 2
github.com/natnael-alemayehu/proglog/internal/log/log.go:129.47,134.14 4 2
github.com/natnael-alemayehu/proglog/internal/log/log.go:134.14,136.3 1 0
github.com/natnael-alemayehu/proglog/internal/log/log.go:137.2,137.21 1 2
github.com/natnael-alemayehu/proglog/internal/log/log.go:140.45,144.31 4 1
github.com/natnael-alemayehu/proglog/internal/log/log.go:144.31,145.31 1 2
github.com/natnael-alemayehu/proglog/internal/log/log.go:145.31,146.37 1 1
github.com/natnael-alemayehu/proglog/internal/log/log.go:146.37,148.5 1 0
github.com/natnael-alemayehu/proglog/internal/log/log.go:149.4,149.12 1 1
github.com/natnael-alemayehu/proglog/internal/log/log.go:151.3,151.33 1 1
github.com/natnael-alemayehu/proglog/internal/log/log.go:153.2,154.12 2 1
github.com/natnael-alemayehu/proglog/internal/log/log.go:158.34,163.37 4 1
github.com/natnael-alemayehu/proglog/internal/log/log.go:163.37,165.3 1 1
github.com/natnael-alemayehu/proglog/internal/log/log.go:166.2,166.35 1 1
github.com/natnael-alemayehu/proglog/internal/log/log.go:174.53,178.2 3 1
github.com/natnael-alemayehu/proglog/internal/log/log.go:180.44,182.16 2 9
github.com/natnael-alemayehu/proglog/internal/log/log.go:182.16,184.3 1 0
github.com/natnael-alemayehu/proglog/internal/log/log.go:185.2,187.12 3 9
github.com/natnael-alemayehu/proglog/internal/log/segment.go:19.76,30.16 4 12
github.com/natnael-alemayehu/proglog/internal/log/segment.go:30.16,32.3 1 0
github.com/natnael-alemayehu/proglog/internal/log/segment.go:33.2,33.52 1 12
github.com/natnael-alemayehu/proglog/internal/log/segment.go:33.52,35.3 1 0
github.com/natnael-alemayehu/proglog/internal/log/segment.go:36.2,41.16 2 12
github.com/natnael-alemayehu/proglog/internal/log/segment.go:41.16,43.3 1 0
github.com/natnael-alemayehu/proglog/internal/log/segment.go:44.2,44.55 1 12
github.com/natnael-alemayehu/proglog/internal/log/segment.go:44.55,46.3 1 0
github.com/natnael-alemayehu/proglog/internal/log/segment.go:47.2,47.49 1 12
github.com/natnael-alemayehu/proglog/internal/log/segment.go:47.49,49.3 1 9
github.com/natnael-alemayehu/proglog/internal/log/segment.go:49.8,51.3 1 3
github.com/natnael-alemayehu/proglog/internal/log/segment.go:52.2,52.15 1 12
github.com/natnael-alemayehu/proglog/internal/log/segment.go:55.73,59.16 4 12
github.com/natnael-alemayehu/proglog/internal/log/segment.go:59.16,61.3 1 0
github.com/natnael-alemayehu/proglog/internal/log/segment.go:62.2,63.16 2 12
github.com/natnael-alemayehu/proglog/internal/log/segment.go:63.16,65.3 1 0
github.com/natnael-alemayehu/proglog/internal/log/segment.go:66.2,70.16 1 12
github.com/natnael-alemayehu/proglog/internal/log/segment.go:70.16,72.3 1 1
github.com/natnael-alemayehu/proglog/internal/log/segment.go:73.2,74.17 2 11
github.com/natnael-alemayehu/proglog/internal/log/segment.go:77.57,79.16 2 4
github.com/natnael-alemayehu/proglog/internal/log/segment.go:79.16,81.3 1 0
github.com/natnael-alemayehu/proglog/internal/log/segment.go:82.2,83.16 2 4
github.com/natnael-alemayehu/proglog/internal/log/segment.go:83.16,85.3 1 0
github.com/natnael-alemayehu/proglog/internal/log/segment.go:86.2,88.20 3 4
github.com/natnael-alemayehu/proglog/internal/log/segment.go:91.34,93.2 1 12
github.com/natnael-alemayehu/proglog/internal/log/segment.go:95.34,96.34 1 2
github.com/natnael-alemayehu/proglog/internal/log/segment.go:96.34,98.3 1 0
github.com/natnael-alemayehu/proglog/internal/log/segment.go:99.2,99.50 1 2
github.com/natnael-alemayehu/proglog/internal/log/segment.go:99.50,101.3 1 0
github.com/natnael-alemayehu/proglog/internal/log/segment.go:102.2,102.50 1 2
github.com/natnael-alemayehu/proglog/internal/log/segment.go:102.50,104.3 1 0
github.com/natnael-alemayehu/proglog/internal/log/segment.go:105.2,105.12 1 2
github.com/natnael-alemayehu/proglog/internal/log/segment.go:108.33,109.40 1 4
github.com/natnael-alemayehu/proglog/internal/log/segment.go:109.40,111.3 1 0
github.com/natnael-alemayehu/proglog/internal/log/segment.go:112.2,112.40 1 4
github.com/natnael-alemayehu/proglog/internal/log/segment.go:112.40,114.3 1 0
github.com/natnael-alemayehu/proglog/internal/log/segment.go:115.2,115.12 1 4
github.com/natnael-alemayehu/proglog/internal/log/segment.go:118.42,119.12 1 0
github.com/natnael-alemayehu/proglog/internal/log/segment.go:119.12,121.3 1 0
github.com/natnael-alemayehu/proglog/internal/log/segment.go:122.2,122.30 1 0
github.com/natnael-alemayehu/proglog/internal/log/store.go:25.43,27.16 2 15
github.com/natnael-alemayehu/proglog/internal/log/store.go:27.16,29.3 1 0
github.com/natnael-alemayehu/proglog/internal/log/store.go:30.2,35.8 2 15
github.com/natnael-alemayehu/proglog/internal/log/store.go:38.68,42.65 4 16
github.com/natnael-alemayehu/proglog/internal/log/store.go:42.65,44.3 1 0
github.com/natnael-alemayehu/proglog/internal/log/store.go:45.2,46.16 2 16
github.com/natnael-alemayehu/proglog/internal/log/store.go:46.16,48.3 1 0
github.com/natnael-alemayehu/proglog/internal/log/store.go:49.2,51.28 3 16
github.com/natnael-alemayehu/proglog/internal/log/store.go:54.50,57.38 3 10
github.com/natnael-alemayehu/proglog/internal/log/store.go:57.38,59.3 1 0
github.com/natnael-alemayehu/proglog/internal/log/store.go:60.2,61.59 2 10
github.com/natnael-alemayehu/proglog/internal/log/store.go:61.59,63.3 1 0
github.com/natnael-alemayehu/proglog/internal/log/store.go:64.2,65.65 2 10
github.com/natnael-alemayehu/proglog/internal/log/store.go:65.65,67.3 1 0
github.com/natnael-alemayehu/proglog/internal/log/store.go:68.2,68.15 1 10
github.com/natnael-alemayehu/proglog/internal/log/store.go:71.58,74.38 3 7
github.com/natnael-alemayehu/proglog/internal/log/store.go:74.38,76.3 1 0
github.com/natnael-alemayehu/proglog/internal/log/store.go:77.2,77.30 1 7
github.com/natnael-alemayehu/proglog/internal/log/store.go:80.31,84.16 4 5
github.com/natnael-alemayehu/proglog/internal/log/store.go:84.16,86.3 1 0
github.com/natnael-alemayehu/proglog/internal/log/store.go:87.2,87.23 1 5
github.com/natnael-alemayehu/proglog/api/v1/error.go:14.58,25.16 5 2
github.com/natnael-alemayehu/proglog/api/v1/error.go:25.16,27.3 1 0
github.com/natnael-alemayehu/proglog/api/v1/error.go:28.2,28.12 1 2
github.com/natnael-alemayehu/proglog/api/v1/error.go:31.45,33.2 1 0
github.com/natnael-alemayehu/proglog/api/v1/log.pb.go:30.34,35.2 4 4
github.com/natnael-alemayehu/proglog/api/v1/log.pb.go:37.42,39.2 1 0
github.com/natnael-alemayehu/proglog/api/v1/log.pb.go:41.40,41.41 0 0
github.com/natnael-alemayehu/proglog/api/v1/log.pb.go:43.62,45.14 2 12
github.com/natnael-alemayehu/proglog/api/v1/log.pb.go:45.14,47.34 2 12
github.com/natnael-alemayehu/proglog/api/v1/log.pb.go:47.34,49.4 1 8
github.com/natnael-alemayehu/proglog/api/v1/log.pb.go:50.3,50.12 1 12
github.com/natnael-alemayehu/proglog/api/v1/log.pb.go:52.2,52.24 1 0
github.com/natnael-alemayehu/proglog/api/v1/log.pb.go:56.53,58.2 1 0
github.com/natnael-alemayehu/proglog/api/v1/log.pb.go:60.46,61.14 1 0
github.com/natnael-alemayehu/proglog/api/v1/log.pb.go:61.14,63.3 1 0
github.com/natnael-alemayehu/proglog/api/v1/log.pb.go:64.2,64.12 1 0
github.com/natnael-alemayehu/proglog/api/v1/log.pb.go:74.35,79.2 4 4
github.com/natnael-alemayehu/proglog/api/v1/log.pb.go:81.43,83.2 1 0
github.com/natnael-alemayehu/proglog/api/v1/log.pb.go:85.41,85.42 0 0
github.com/natnael-alemayehu/proglog/api/v1/log.pb.go:87.63,89.14 2 15
github.com/natnael-alemayehu/proglog/api/v1/log.pb.go:89.14,91.34 2 15
github.com/natnael-alemayehu/proglog/api/v1/log.pb.go:91.34,93.4 1 8
github.com/natnael-alemayehu/proglog/api/v1/log.pb.go:94.3,94.12 1 15
github.com/natnael-alemayehu/proglog/api/v1/log.pb.go:96.2,96.24 1 0
github.com/natnael-alemayehu/proglog/api/v1/log.pb.go:100.54,102.2 1 0
github.com/natnael-alemayehu/proglog/api/v1/log.pb.go:104.46,105.14 1 0
github.com/natnael-alemayehu/proglog/api/v1/log.pb.go:105.14,107.3 1 0
github.com/natnael-alemayehu/proglog/api/v1/log.pb.go:108.2,108.10 1 0
github.com/natnael-alemayehu/proglog/api/v1/log.pb.go:118.34,123.2 4 3
github.com/natnael-alemayehu/proglog/api/v1/log.pb.go:125.42,127.2 1 0
github.com/natnael-alemayehu/proglog/api/v1/log.pb.go:129.40,129.41 0 0
github.com/natnael-alemayehu/proglog/api/v1/log.pb.go:131.62,133.14 2 11
github.com/natnael-alemayehu/proglog/api/v1/log.pb.go:133.14,135.34 2 11
github.com/natnael-alemayehu/proglog/api/v1/log.pb.go:135.34,137.4 1 6
github.com/natnael-alemayehu/proglog/api/v1/log.pb.go:138.3,138.12 1 11
github.com/natnael-alemayehu/proglog/api/v1/log.pb.go:140.2,140.24 1 0
github.com/natnael-alemayehu/proglog/api/v1/log.pb.go:144.53,146.2 1 0
github.com/natnael-alemayehu/proglog/api/v1/log.pb.go:148.45,149.14 1 0
github.com/natnael-alemayehu/proglog/api/v1/log.pb.go:149.14,151.3 1 0
github.com/natnael-alemayehu/proglog/api/v1/log.pb.go:152.2,152.10 1 0
github.com/natnael-alemayehu/proglog/api/v1/log.pb.go:162.35,167.2 4 3
github.com/natnael-alemayehu/proglog/api/v1/log.pb.go:169.43,171.2 1 0
github.com/natnael-alemayehu/proglog/api/v1/log.pb.go:173.41,173.42 0 0
github.com/natnael-alemayehu/proglog/api/v1/log.pb.go:175.63,177.14 2 9
github.com/natnael-alemayehu/proglog/api/v1/log.pb.go:177.14,179.34 2 9
github.com/natnael-alemayehu/proglog/api/v1/log.pb.go:179.34,181.4 1 6
github.com/natnael-alemayehu/proglog/api/v1/log.pb.go:182.3,182.12 1 9
github.com/natnael-alemayehu/proglog/api/v1/log.pb.go:184.2,184.24 1 0
github.com/natnael-alemayehu/proglog/api/v1/log.pb.go:188.54,190.2 1 0
github.com/natnael-alemayehu/proglog/api/v1/log.pb.go:192.47,193.14 1 0
github.com/natnael-alemayehu/proglog/api/v1/log.pb.go:193.14,195.3 1 0
github.com/natnael-alemayehu/proglog/api/v1/log.pb.go:196.2,196.12 1 0
github.com/natnael-alemayehu/proglog/api/v1/log.pb.go:207.26,212.2 4 3
github.com/natnael-alemayehu/proglog/api/v1/log.pb.go:214.34,216.2 1 0
github.com/natnael-alemayehu/proglog/api/v1/log.pb.go:218.32,218.33 0 0
github.com/natnael-alemayehu/proglog/api/v1/log.pb.go:220.54,222.14 2 13
github.com/natnael-alemayehu/proglog/api/v1/log.pb.go:222.14,224.34 2 7
github.com/natnael-alemayehu/proglog/api/v1/log.pb.go:224.34,226.4 1 7
github.com/natnael-alemayehu/proglog/api/v1/log.pb.go:227.3,227.12 1 7
github.com/natnael-alemayehu/proglog/api/v1/log.pb.go:229.2,229.24 1 6
github.com/natnael-alemayehu/proglog/api/v1/log.pb.go:233.45,235.2 1 0
github.com/natnael-alemayehu/proglog/api/v1/log.pb.go:237.36,238.14 1 0
github.com/natnael-alemayehu/proglog/api/v1/log.pb.go:238.14,240.3 1 0
github.com/natnael-alemayehu/proglog/api/v1/log.pb.go:241.2,241.12 1 0
github.com/natnael-alemayehu/proglog/api/v1/log.pb.go:244.37,245.14 1 0
github.com/natnael-alemayehu/proglog/api/v1/log.pb.go:245.14,247.3 1 0
github.com/natnael-alemayehu/proglog/api/v1/log.pb.go:248.2,248.10 1 0
github.com/natnael-alemayehu/proglog/api/v1/log.pb.go:300.49,301.46 1 0
github.com/natnael-alemayehu/proglog/api/v1/log.pb.go:301.46,303.3 1 0
github.com/natnael-alemayehu/proglog/api/v1/log.pb.go:304.2,304.42 1 0
github.com/natnael-alemayehu/proglog/api/v1/log.pb.go:333.13,333.45 1 1
github.com/natnael-alemayehu/proglog/api/v1/log.pb.go:334.35,335.34 1 1
github.com/natnael-alemayehu/proglog/api/v1/log.pb.go:335.34,337.3 1 0
github.com/natnael-alemayehu/proglog/api/v1/log.pb.go:338.2,355.37 6 1
github.com/natnael-alemayehu/proglog/api/v1/log_grpc.pb.go:42.58,44.2 1 3
github.com/natnael-alemayehu/proglog/api/v1/log_grpc.pb.go:46.121,50.16 4 2
github.com/natnael-alemayehu/proglog/api/v1/log_grpc.pb.go:50.16,52.3 1 0
github.com/natnael-alemayehu/proglog/api/v1/log_grpc.pb.go:53.2,53.17 1 2
github.com/natnael-alemayehu/proglog/api/v1/log_grpc.pb.go:56.121,60.16 4 2
github.com/natnael-alemayehu/proglog/api/v1/log_grpc.pb.go:60.16,62.3 1 1
github.com/natnael-alemayehu/proglog/api/v1/log_grpc.pb.go:63.2,63.17 1 1
github.com/natnael-alemayehu/proglog/api/v1/log_grpc.pb.go:66.154,69.16 3 1
github.com/natnael-alemayehu/proglog/api/v1/log_grpc.pb.go:69.16,71.3 1 0
github.com/natnael-alemayehu/proglog/api/v1/log_grpc.pb.go:72.2,73.51 2 1
github.com/natnael-alemayehu/proglog/api/v1/log_grpc.pb.go:73.51,75.3 1 0
github.com/natnael-alemayehu/proglog/api/v1/log_grpc.pb.go:76.2,76.51 1 1
github.com/natnael-alemayehu/proglog/api/v1/log_grpc.pb.go:76.51,78.3 1 0
github.com/natnael-alemayehu/proglog/api/v1/log_grpc.pb.go:79.2,79.15 1 1
github.com/natnael-alemayehu/proglog/api/v1/log_grpc.pb.go:85.148,88.16 3 1
github.com/natnael-alemayehu/proglog/api/v1/log_grpc.pb.go:88.16,90.3 1 0
github.com/natnael-alemayehu/proglog/api/v1/log_grpc.pb.go:91.2,92.15 2 1
github.com/natnael-alemayehu/proglog/api/v1/log_grpc.pb.go:116.99,118.2 1 0
github.com/natnael-alemayehu/proglog/api/v1/log_grpc.pb.go:119.99,121.2 1 0
github.com/natnael-alemayehu/proglog/api/v1/log_grpc.pb.go:122.113,124.2 1 0
github.com/natnael-alemayehu/proglog/api/v1/log_grpc.pb.go:125.110,127.2 1 0
github.com/natnael-alemayehu/proglog/api/v1/log_grpc.pb.go:128.66,128.67 0 0
github.com/natnael-alemayehu/proglog/api/v1/log_grpc.pb.go:129.66,129.67 0 3
github.com/natnael-alemayehu/proglog/api/v1/log_grpc.pb.go:138.64,143.59 1 3
github.com/natnael-alemayehu/proglog/api/v1/log_grpc.pb.go:143.59,145.3 1 3
github.com/natnael-alemayehu/proglog/api/v1/log_grpc.pb.go:146.2,146.42 1 3
github.com/natnael-alemayehu/proglog/api/v1/log_grpc.pb.go:149.156,151.32 2 2
github.com/natnael-alemayehu/proglog/api/v1/log_grpc.pb.go:151.32,153.3 1 0
github.com/natnael-alemayehu/proglog/api/v1/log_grpc.pb.go:154.2,154.24 1 2
github.com/natnael-alemayehu/proglog/api/v1/log_grpc.pb.go:154.24,156.3 1 2
github.com/natnael-alemayehu/proglog/api/v1/log_grpc.pb.go:157.2,161.77 2 0
github.com/natnael-alemayehu/proglog/api/v1/log_grpc.pb.go:161.77,163.3 1 0
github.com/natnael-alemayehu/proglog/api/v1/log_grpc.pb.go:164.2,164.44 1 0
github.com/natnael-alemayehu/proglog/api/v1/log_grpc.pb.go:167.156,169.32 2 2
github.com/natnael-alemayehu/proglog/api/v1/log_grpc.pb.go:169.32,171.3 1 0
github.com/natnael-alemayehu/proglog/api/v1/log_grpc.pb.go:172.2,172.24 1 2
github.com/natnael-alemayehu/proglog/api/v1/log_grpc.pb.go:172.24,174.3 1 2
github.com/natnael-alemayehu/proglog/api/v1/log_grpc.pb.go:175.2,179.77 2 0
github.com/natnael-alemayehu/proglog/api/v1/log_grpc.pb.go:179.77,181.3 1 0
github.com/natnael-alemayehu/proglog/api/v1/log_grpc.pb.go:182.2,182.44 1 0
github.com/natnael-alemayehu/proglog/api/v1/log_grpc.pb.go:185.82,187.42 2 1
github.com/natnael-alemayehu/proglog/api/v1/log_grpc.pb.go:187.42,189.3 1 0
github.com/natnael-alemayehu/proglog/api/v1/log_grpc.pb.go:190.2,190.123 1 1
github.com/natnael-alemayehu/proglog/api/v1/log_grpc.pb.go:196.82,198.2 1 1
github.com/natnael-alemayehu/proglog/internal/server/http.go:10.46,20.2 5 0
github.com/natnael-alemayehu/proglog/internal/server/http.go:26.34,30.2 1 0
github.com/natnael-alemayehu/proglog/internal/server/http.go:48.76,51.16 3 0
github.com/natnael-alemayehu/proglog/internal/server/http.go:51.16,54.3 2 0
github.com/natnael-alemayehu/proglog/internal/server/http.go:56.2,57.16 2 0
github.com/natnael-alemayehu/proglog/internal/server/http.go:57.16,60.3 2 0
github.com/natnael-alemayehu/proglog/internal/server/http.go:62.2,64.16 3 0
github.com/natnael-alemayehu/proglog/internal/server/http.go:64.16,67.3 2 0
github.com/natnael-alemayehu/proglog/internal/server/http.go:71.76,75.16 3 0
github.com/natnael-alemayehu/proglog/internal/server/http.go:75.16,78.3 2 0
github.com/natnael-alemayehu/proglog/internal/server/http.go:80.2,81.30 2 0
github.com/natnael-alemayehu/proglog/internal/server/http.go:81.30,84.3 2 0
github.com/natnael-alemayehu/proglog/internal/server/http.go:85.2,85.16 1 0
github.com/natnael-alemayehu/proglog/internal/server/http.go:85.16,87.3 1 0
github.com/natnael-alemayehu/proglog/internal/server/http.go:89.2,91.16 3 0
github.com/natnael-alemayehu/proglog/internal/server/http.go:91.16,94.3 2 0
github.com/natnael-alemayehu/proglog/internal/server/log.go:20.20,22.2 1 0
github.com/natnael-alemayehu/proglog/internal/server/log.go:24.53,30.2 5 0
github.com/natnael-alemayehu/proglog/internal/server/log.go:32.51,35.38 3 0
github.com/natnael-alemayehu/proglog/internal/server/log.go:35.38,37.3 1 0
github.com/natnael-alemayehu/proglog/internal/server/log.go:38.2,38.31 1 0
github.com/natnael-alemayehu/proglog/internal/server/server.go:16.57,19.16 3 3
github.com/natnael-alemayehu/proglog/internal/server/server.go:19.16,21.3 1 0
github.com/natnael-alemayehu/proglog/internal/server/server.go:22.2,23.18 2 3
github.com/natnael-alemayehu/proglog/internal/server/server.go:31.65,36.2 2 3
github.com/natnael-alemayehu/proglog/internal/server/server.go:38.106,40.16 2 4
github.com/natnael-alemayehu/proglog/internal/server/server.go:40.16,42.3 1 0
github.com/natnael-alemayehu/proglog/internal/server/server.go:43.2,43.50 1 4
github.com/natnael-alemayehu/proglog/internal/server/server.go:46.106,48.16 2 77
github.com/natnael-alemayehu/proglog/internal/server/server.go:48.16,50.3 1 74
github.com/natnael-alemayehu/proglog/internal/server/server.go:51.2,51.50 1 3
github.com/natnael-alemayehu/proglog/internal/server/server.go:54.78,55.6 1 1
github.com/natnael-alemayehu/proglog/internal/server/server.go:55.6,57.17 2 3
github.com/natnael-alemayehu/proglog/internal/server/server.go:57.17,59.4 1 1
github.com/natnael-alemayehu/proglog/internal/server/server.go:60.3,61.17 2 2
github.com/natnael-alemayehu/proglog/internal/server/server.go:61.17,63.4 1 0
github.com/natnael-alemayehu/proglog/internal/server/server.go:64.3,64.41 1 2
github.com/natnael-alemayehu/proglog/internal/server/server.go:64.41,66.4 1 0
github.com/natnael-alemayehu/proglog/internal/server/server.go:70.103,71.6 1 1
github.com/natnael-alemayehu/proglog/internal/server/server.go:71.6,72.10 1 76
github.com/natnael-alemayehu/proglog/internal/server/server.go:73.34,74.14 1 1
github.com/natnael-alemayehu/proglog/internal/server/server.go:75.11,77.22 2 75
github.com/natnael-alemayehu/proglog/internal/server/server.go:78.13,78.13 0 2
github.com/natnael-alemayehu/proglog/internal/server/server.go:79.33,80.13 1 73
github.com/natnael-alemayehu/proglog/internal/server/server.go:81.12,82.15 1 0
github.com/natnael-alemayehu/proglog/internal/server/server.go:84.4,84.42 1 2
github.com/natnael-alemayehu/proglog/internal/server/server.go:84.42,86.5 1 0
github.com/natnael-alemayehu/proglog/internal/server/server.go:87.4,87.16 1 2
